<?xml version="1.0" encoding="UTF-8"?>
<!-- Generated by org.testng.reporters.JUnitReportReporter -->
<testsuite hostname="DESKTOP-J7DNQ9P" failures="0" tests="3" name="ParaBank_Testcases.PB_LoginTest_DataDriven_002" time="4.893" errors="0" timestamp="2024-07-16T15:44:05 IST" skipped="0">
  <testcase classname="ParaBank_Testcases.PB_LoginTest_DataDriven_002" name="loginTest" time="0.915"/>
  <testcase classname="ParaBank_Testcases.PB_LoginTest_DataDriven_002" name="loginTest" time="1.328"/>
  <testcase classname="ParaBank_Testcases.PB_LoginTest_DataDriven_002" name="loginTest" time="2.650"/>
</testsuite> <!-- ParaBank_Testcases.PB_LoginTest_DataDriven_002 -->
